Mono path[0] = 'C:/Users/jzhan/Documents/GIthub/ultimate-volleyball-main/Executable/Volleyball_Data/Managed'
Mono config path = 'C:/Users/jzhan/Documents/GIthub/ultimate-volleyball-main/Executable/MonoBleedingEdge/etc'
Initialize engine version: 2020.3.14f1 (d0d1bb862f9d)
[Subsystems] Discovering subsystems at path C:/Users/jzhan/Documents/GIthub/ultimate-volleyball-main/Executable/Volleyball_Data/UnitySubsystems
GfxDevice: creating device client; threaded=1
Direct3D:
    Version:  Direct3D 11.0 [level 11.1]
    Renderer: NVIDIA GeForce GTX 1660 Ti (ID=0x2182)
    Vendor:   
    VRAM:     5991 MB
    Driver:   27.21.14.5671
Begin MonoManager ReloadAssembly
- Completed reload, in  1.074 seconds
D3D11 device created for Microsoft Media Foundation video decoding.
<RI> Initializing input.
XInput1_3.dll not found. Trying XInput9_1_0.dll instead...
<RI> Input initialized.
<RI> Initialized touch support.
UnloadTime: 0.623200 ms
Fallback handler could not load library C:/Users/jzhan/Documents/GIthub/ultimate-volleyball-main/Executable/Volleyball_Data/Mono/libcoreclr.so
Fallback handler could not load library C:/Users/jzhan/Documents/GIthub/ultimate-volleyball-main/Executable/Volleyball_Data/Mono/libcoreclr.so.dll
Fallback handler could not load library C:/Users/jzhan/Documents/GIthub/ultimate-volleyball-main/Executable/Volleyball_Data/Mono/libcoreclr.so
Fallback handler could not load library C:/Users/jzhan/Documents/GIthub/ultimate-volleyball-main/Executable/Volleyball_Data/Mono/libdl.so
Fallback handler could not load library C:/Users/jzhan/Documents/GIthub/ultimate-volleyball-main/Executable/Volleyball_Data/Mono/libdl.so.dll
Fallback handler could not load library C:/Users/jzhan/Documents/GIthub/ultimate-volleyball-main/Executable/Volleyball_Data/Mono/libdl.so
Fallback handler could not load library C:/Users/jzhan/Documents/GIthub/ultimate-volleyball-main/Executable/Volleyball_Data/Mono/libSystem.dylib
Fallback handler could not load library C:/Users/jzhan/Documents/GIthub/ultimate-volleyball-main/Executable/Volleyball_Data/Mono/libSystem.dylib.dll
Fallback handler could not load library C:/Users/jzhan/Documents/GIthub/ultimate-volleyball-main/Executable/Volleyball_Data/Mono/libSystem.dylib
Fallback handler could not load library C:/Users/jzhan/Documents/GIthub/ultimate-volleyball-main/Executable/Volleyball_Data/Mono/libcoreclr.so
Fallback handler could not load library C:/Users/jzhan/Documents/GIthub/ultimate-volleyball-main/Executable/Volleyball_Data/Mono/libcoreclr.so.dll
Fallback handler could not load library C:/Users/jzhan/Documents/GIthub/ultimate-volleyball-main/Executable/Volleyball_Data/Mono/libcoreclr.so
Fallback handler could not load library C:/Users/jzhan/Documents/GIthub/ultimate-volleyball-main/Executable/Volleyball_Data/Mono/libdl.so
Fallback handler could not load library C:/Users/jzhan/Documents/GIthub/ultimate-volleyball-main/Executable/Volleyball_Data/Mono/libdl.so.dll
Fallback handler could not load library C:/Users/jzhan/Documents/GIthub/ultimate-volleyball-main/Executable/Volleyball_Data/Mono/libdl.so
Fallback handler could not load library C:/Users/jzhan/Documents/GIthub/ultimate-volleyball-main/Executable/Volleyball_Data/Mono/libSystem.dylib
Fallback handler could not load library C:/Users/jzhan/Documents/GIthub/ultimate-volleyball-main/Executable/Volleyball_Data/Mono/libSystem.dylib.dll
Fallback handler could not load library C:/Users/jzhan/Documents/GIthub/ultimate-volleyball-main/Executable/Volleyball_Data/Mono/libSystem.dylib
failed to get 100ns ticks
Setting up 6 worker threads for Enlighten.
  Thread -> id: 7048 -> priority: 1 
  Thread -> id: 2070 -> priority: 1 
  Thread -> id: 7868 -> priority: 1 
  Thread -> id: 6b8c -> priority: 1 
  Thread -> id: 59a4 -> priority: 1 
  Thread -> id: 5b34 -> priority: 1 
